<?xml version="1.0" encoding="UTF-8"?>
<!-- Generated by org.testng.reporters.JUnitReportReporter -->
<testsuite hostname="LAPTOP-FPS663R4" failures="0" tests="1" name="testCases.LoginPage" time="47.375" errors="0" timestamp="2023-10-07T08:34:32 IST" skipped="0">
  <testcase classname="testCases.LoginPage" name="verifyLogin" time="47.375"/>
</testsuite> <!-- testCases.LoginPage -->
