<?xml version="1.0" encoding="UTF-8"?>
<!-- Generated by org.testng.reporters.JUnitReportReporter -->
<testsuite hostname="LAPTOP-FPS663R4" failures="0" tests="1" name="testCases.A" time="15.113" errors="0" timestamp="2023-09-30T09:28:02 IST" skipped="0">
  <testcase classname="testCases.A" name="M1" time="15.113"/>
</testsuite> <!-- testCases.A -->
