<?xml version="1.0" encoding="UTF-8"?>
<!-- Generated by org.testng.reporters.JUnitReportReporter -->
<testsuite hostname="LAPTOP-FPS663R4" failures="0" tests="1" name="testCases.VerifySignUp" time="25.673" errors="0" timestamp="2023-10-08T15:29:46 IST" skipped="0">
  <testcase classname="testCases.VerifySignUp" name="signUp" time="25.673"/>
</testsuite> <!-- testCases.VerifySignUp -->
