<?xml version="1.0" encoding="UTF-8"?>
<!-- Generated by org.testng.reporters.JUnitReportReporter -->
<testsuite hostname="LAPTOP-FPS663R4" failures="0" tests="1" name="testCases.ScreenShot" time="14.316" errors="0" timestamp="2023-10-04T13:22:13 IST" skipped="0">
  <testcase classname="testCases.ScreenShot" name="capturingScreenshot" time="14.316"/>
</testsuite> <!-- testCases.ScreenShot -->
