<?xml version="1.0" encoding="UTF-8"?>
<!-- Generated by org.testng.reporters.JUnitReportReporter -->
<testsuite hostname="LAPTOP-FPS663R4" failures="0" tests="1" name="testCases.ParticularScreenshot" time="8.954" errors="0" timestamp="2023-10-05T22:43:53 IST" skipped="0">
  <testcase classname="testCases.ParticularScreenshot" name="capturingScreenshot" time="8.954"/>
</testsuite> <!-- testCases.ParticularScreenshot -->
