<?xml version="1.0" encoding="UTF-8"?>
<!-- Generated by org.testng.reporters.JUnitReportReporter -->
<testsuite hostname="LAPTOP-FPS663R4" failures="0" tests="1" name="testCases.VerifyLogin" time="45.148" errors="0" timestamp="2023-10-07T09:47:41 IST" skipped="0">
  <testcase classname="testCases.VerifyLogin" name="verifyLogin" time="45.148"/>
</testsuite> <!-- testCases.VerifyLogin -->
